<?xml version="1.0" encoding="UTF-8" ?>
<testsuite tests="51" failures="0" name="br.ce.wcaquino.runners.RunnerTest" time="0.008" errors="0" skipped="0">
  <properties>
[...]
</properties>
  <testcase classname="Scenario: Deve alugar um filme com sucesso" name="Given um filme" time="0.001"/>
  <testcase classname="Scenario: Deve alugar um filme com sucesso" name="When alugar" time="0"/>
  <testcase classname="Scenario: Deve alugar um filme com sucesso" name="Then o preco do aluguel sera de R$ 3" time="0"/>
  <testcase classname="Scenario: Deve alugar um filme com sucesso" name="And a data de entrega sera em 1 dia" time="0"/>
  <testcase classname="Scenario: Deve alugar um filme com sucesso" name="And o estoque do filme sera 1 unidade" time="0"/>
  <testcase classname="Scenario: Deve alugar um filme com sucesso" name="Scenario: Deve alugar um filme com sucesso" time="0"/>
  <testcase classname="Scenario: N�o deve alugar filme sem estoque" name="Given um filme com estoque de 0 unidades" time="0"/>
  <testcase classname="Scenario: N�o deve alugar filme sem estoque" name="When alugar" time="0"/>
  <testcase classname="Scenario: N�o deve alugar filme sem estoque" name="Then nao sera possivel por falta de estoque" time="0"/>
  <testcase classname="Scenario: N�o deve alugar filme sem estoque" name="And o estoque do filme sera 0 unidade" time="0"/>
  <testcase classname="Scenario: N�o deve alugar filme sem estoque" name="Scenario: N�o deve alugar filme sem estoque" time="0.001"/>
  <testcase classname="Scenario: Deve dar condicoes especiais para categoria extendida" name="Given um filme com estoque de 2 unidades" time="0"/>
  <testcase classname="Scenario: Deve dar condicoes especiais para categoria extendida" name="And que o preco do aluguel seja de R$ 4" time="0"/>
  <testcase classname="Scenario: Deve dar condicoes especiais para categoria extendida" name="And que o tipo do aluguel seja extendido" time="0"/>
  <testcase classname="Scenario: Deve dar condicoes especiais para categoria extendida" name="When alugar" time="0"/>
  <testcase classname="Scenario: Deve dar condicoes especiais para categoria extendida" name="Then o preco do aluguel sera de R$ 8" time="0"/>
  <testcase classname="Scenario: Deve dar condicoes especiais para categoria extendida" name="And a data de entrega sera em 3 dias" time="0.004"/>
  <testcase classname="Scenario: Deve dar condicoes especiais para categoria extendida" name="And a pontuacao sera de 2 pontos" time="0"/>
  <testcase classname="Scenario: Deve dar condicoes especiais para categoria extendida" name="Scenario: Deve dar condicoes especiais para categoria extendida" time="0.002"/>
  <testcase classname="| 4 | extendido | 8 | 3 | 2 |" name="Given um filme com estoque de 2 unidades" time="0"/>
  <testcase classname="| 4 | extendido | 8 | 3 | 2 |" name="And que o preco do aluguel seja de R$ 4" time="0"/>
  <testcase classname="| 4 | extendido | 8 | 3 | 2 |" name="And que o tipo do aluguel seja extendido" time="0"/>
  <testcase classname="| 4 | extendido | 8 | 3 | 2 |" name="When alugar" time="0"/>
  <testcase classname="| 4 | extendido | 8 | 3 | 2 |" name="Then o preco do aluguel sera de R$ 8" time="0"/>
  <testcase classname="| 4 | extendido | 8 | 3 | 2 |" name="And a data de entrega sera em 3 dia" time="0"/>
  <testcase classname="| 4 | extendido | 8 | 3 | 2 |" name="And a pontuacao sera de 2 pontos" time="0"/>
  <testcase classname="| 4 | extendido | 8 | 3 | 2 |" name="| 4 | extendido | 8 | 3 | 2 |" time="0"/>
  <testcase classname="| 4 | comum | 4 | 1 | 1 |" name="Given um filme com estoque de 2 unidades" time="0"/>
  <testcase classname="| 4 | comum | 4 | 1 | 1 |" name="And que o preco do aluguel seja de R$ 4" time="0"/>
  <testcase classname="| 4 | comum | 4 | 1 | 1 |" name="And que o tipo do aluguel seja comum" time="0"/>
  <testcase classname="| 4 | comum | 4 | 1 | 1 |" name="When alugar" time="0"/>
  <testcase classname="| 4 | comum | 4 | 1 | 1 |" name="Then o preco do aluguel sera de R$ 4" time="0"/>
  <testcase classname="| 4 | comum | 4 | 1 | 1 |" name="And a data de entrega sera em 1 dia" time="0"/>
  <testcase classname="| 4 | comum | 4 | 1 | 1 |" name="And a pontuacao sera de 1 pontos" time="0"/>
  <testcase classname="| 4 | comum | 4 | 1 | 1 |" name="| 4 | comum | 4 | 1 | 1 |" time="0"/>
  <testcase classname="| 5 | semanal | 15 | 7 | 3 |" name="Given um filme com estoque de 2 unidades" time="0"/>
  <testcase classname="| 5 | semanal | 15 | 7 | 3 |" name="And que o preco do aluguel seja de R$ 5" time="0"/>
  <testcase classname="| 5 | semanal | 15 | 7 | 3 |" name="And que o tipo do aluguel seja semanal" time="0"/>
  <testcase classname="| 5 | semanal | 15 | 7 | 3 |" name="When alugar" time="0"/>
  <testcase classname="| 5 | semanal | 15 | 7 | 3 |" name="Then o preco do aluguel sera de R$ 15" time="0"/>
  <testcase classname="| 5 | semanal | 15 | 7 | 3 |" name="And a data de entrega sera em 7 dia" time="0"/>
  <testcase classname="| 5 | semanal | 15 | 7 | 3 |" name="And a pontuacao sera de 3 pontos" time="0"/>
  <testcase classname="| 5 | semanal | 15 | 7 | 3 |" name="| 5 | semanal | 15 | 7 | 3 |" time="0"/>
  <testcase classname="Scenario: Deve alugar para categoria comum" name="Given um filme com estoque de 2 unidades" time="0"/>
  <testcase classname="Scenario: Deve alugar para categoria comum" name="And que o preco do aluguel seja de R$ 4" time="0"/>
  <testcase classname="Scenario: Deve alugar para categoria comum" name="And que o tipo do aluguel seja comum" time="0"/>
  <testcase classname="Scenario: Deve alugar para categoria comum" name="When alugar" time="0"/>
  <testcase classname="Scenario: Deve alugar para categoria comum" name="Then o preco do aluguel sera de R$ 4" time="0"/>
  <testcase classname="Scenario: Deve alugar para categoria comum" name="And a data de entrega sera em 1 dia" time="0"/>
  <testcase classname="Scenario: Deve alugar para categoria comum" name="And a pontuacao sera de 1 pontos" time="0"/>
  <testcase classname="Scenario: Deve alugar para categoria comum" name="Scenario: Deve alugar para categoria comum" time="0"/>
</testsuite>